0 info it worked if it ends with ok
1 verbose cli [ '/home/gaston/.nvm/versions/node/v5.0.0/bin/node',
1 verbose cli   '/home/gaston/.nvm/versions/node/v5.0.0/bin/npm',
1 verbose cli   'start' ]
2 info using npm@3.3.6
3 info using node@v5.0.0
4 verbose run-script [ 'prestart', 'start', 'poststart' ]
5 info lifecycle tickets@1.0.0~prestart: tickets@1.0.0
6 silly lifecycle tickets@1.0.0~prestart: no script for prestart, continuing
7 info lifecycle tickets@1.0.0~start: tickets@1.0.0
8 verbose lifecycle tickets@1.0.0~start: unsafe-perm in lifecycle true
9 verbose lifecycle tickets@1.0.0~start: PATH: /home/gaston/.nvm/versions/node/v5.0.0/lib/node_modules/npm/bin/node-gyp-bin:/home/gaston/Documentos/Gasta/Tickets/node_modules/.bin:/home/gaston/.rvm/gems/ruby-1.9.3-p448@rails3tutorial2ndEd/bin:/home/gaston/.rvm/gems/ruby-1.9.3-p448@global/bin:/home/gaston/.rvm/rubies/ruby-1.9.3-p448/bin:/home/gaston/.rvm/bin:/home/gaston/.nvm/versions/node/v5.0.0/bin:/usr/local/bin:/usr/local/lib:/usr/local/heroku/bin:/usr/lib/lightdm/lightdm:/usr/local/sbin:/usr/local/bin:/usr/sbin:/usr/bin:/sbin:/bin:/usr/games:/home/gaston/.rvm/bin:/home/gaston/omnetpp-4.4.1/bin
10 verbose lifecycle tickets@1.0.0~start: CWD: /home/gaston/Documentos/Gasta/Tickets
11 silly lifecycle tickets@1.0.0~start: Args: [ '-c', 'node app.js' ]
12 silly lifecycle tickets@1.0.0~start: Returned: code: 1  signal: null
13 info lifecycle tickets@1.0.0~start: Failed to exec start script
14 verbose stack Error: tickets@1.0.0 start: `node app.js`
14 verbose stack Exit status 1
14 verbose stack     at EventEmitter.<anonymous> (/home/gaston/.nvm/versions/node/v5.0.0/lib/node_modules/npm/lib/utils/lifecycle.js:233:16)
14 verbose stack     at emitTwo (events.js:87:13)
14 verbose stack     at EventEmitter.emit (events.js:172:7)
14 verbose stack     at ChildProcess.<anonymous> (/home/gaston/.nvm/versions/node/v5.0.0/lib/node_modules/npm/lib/utils/spawn.js:24:14)
14 verbose stack     at emitTwo (events.js:87:13)
14 verbose stack     at ChildProcess.emit (events.js:172:7)
14 verbose stack     at maybeClose (internal/child_process.js:818:16)
14 verbose stack     at Process.ChildProcess._handle.onexit (internal/child_process.js:211:5)
15 verbose pkgid tickets@1.0.0
16 verbose cwd /home/gaston/Documentos/Gasta/Tickets
17 error Linux 3.2.0-104-generic-pae
18 error argv "/home/gaston/.nvm/versions/node/v5.0.0/bin/node" "/home/gaston/.nvm/versions/node/v5.0.0/bin/npm" "start"
19 error node v5.0.0
20 error npm  v3.3.6
21 error code ELIFECYCLE
22 error tickets@1.0.0 start: `node app.js`
22 error Exit status 1
23 error Failed at the tickets@1.0.0 start script 'node app.js'.
23 error This is most likely a problem with the tickets package,
23 error not with npm itself.
23 error Tell the author that this fails on your system:
23 error     node app.js
23 error You can get their info via:
23 error     npm owner ls tickets
23 error There is likely additional logging output above.
24 verbose exit [ 1, true ]
